  Game1.cpp
C:\Users\user\CPP_PJ\SimpleGameRepo\SimpleGame\SimpleGame\Game1.cpp(105,36): warning C4244: '인수': 'T'에서 'float'(으)로 변환하면서 데이터가 손실될 수 있습니다.
          with
          [
              T=unsigned int
          ]
C:\Users\user\CPP_PJ\SimpleGameRepo\SimpleGame\SimpleGame\Game1.cpp(104,36): warning C4244: '인수': 'T'에서 'float'(으)로 변환하면서 데이터가 손실될 수 있습니다.
          with
          [
              T=unsigned int
          ]
C:\Users\user\CPP_PJ\SimpleGameRepo\SimpleGame\SimpleGame\Game1.cpp(130,37): warning C4018: '<': signed 또는 unsigned가 일치하지 않습니다.
C:\Users\user\CPP_PJ\SimpleGameRepo\SimpleGame\SimpleGame\Game1.cpp(145,23): warning C4018: '<': signed 또는 unsigned가 일치하지 않습니다.
C:\Users\user\CPP_PJ\SimpleGameRepo\SimpleGame\SimpleGame\Game1.cpp(150,23): warning C4018: '<': signed 또는 unsigned가 일치하지 않습니다.
C:\Users\user\CPP_PJ\SimpleGameRepo\SimpleGame\SimpleGame\Game1.cpp(177,23): warning C4018: '<': signed 또는 unsigned가 일치하지 않습니다.
C:\Users\user\CPP_PJ\SimpleGameRepo\SimpleGame\SimpleGame\Game1.cpp(196,23): warning C4018: '<': signed 또는 unsigned가 일치하지 않습니다.
  SimpleGame.cpp
C:\Users\user\CPP_PJ\SimpleGameRepo\SimpleGame\SimpleGame\SimpleGame.cpp(50,15): warning C4244: '인수': 'time_t'에서 'unsigned int'(으)로 변환하면서 데이터가 손실될 수 있습니다.
  코드를 생성하고 있습니다...
  SimpleGame.vcxproj -> C:\Users\user\CPP_PJ\SimpleGameRepo\SimpleGame\Debug\SimpleGame.exe
